<?xml version="1.0" encoding="UTF-8"?>
<!-- Generated by org.testng.reporters.JUnitReportReporter -->
<testsuite hostname="RKPs-MacBook-Air.local" failures="0" tests="1" name="test.day2" time="0.001" errors="0" timestamp="2022-10-20T07:43:01 IST" skipped="0">
  <testcase classname="test.day2" name="PersonalLoan" time="0.001"/>
  <system-out/>
</testsuite> <!-- test.day2 -->
