<?xml version="1.0" encoding="UTF-8"?>
<!-- Generated by org.testng.reporters.JUnitReportReporter -->
<testsuite hostname="RKPs-MacBook-Air.local" failures="0" tests="3" name="test.day4" time="0.009" errors="0" timestamp="2022-10-20T07:43:01 IST" skipped="0">
  <testcase classname="test.day4" name="train" time="0.006"/>
  <system-out/>
  <testcase classname="test.day4" name="car" time="0.001"/>
  <system-out/>
  <testcase classname="test.day4" name="bus" time="0.002"/>
  <system-out/>
</testsuite> <!-- test.day4 -->
