<?xml version="1.0" encoding="UTF-8"?>
<!-- Generated by org.testng.reporters.JUnitReportReporter -->
<testsuite hostname="RKPs-MacBook-Air.local" failures="0" tests="2" name="test.day1" time="0.009" errors="0" timestamp="2022-10-20T07:43:01 IST" skipped="0">
  <testcase classname="test.day1" name="demo" time="0.007"/>
  <system-out/>
  <testcase classname="test.day1" name="secondtest" time="0.002"/>
  <system-out/>
</testsuite> <!-- test.day1 -->
