<?xml version="1.0" encoding="UTF-8"?>
<!-- Generated by org.testng.reporters.JUnitReportReporter -->
<testsuite hostname="RKPs-MacBook-Air.local" failures="0" tests="2" name="test.day3" time="0.007" errors="0" timestamp="2022-10-20T07:43:01 IST" skipped="0">
  <testcase classname="test.day3" name="Weblogin" time="0.001"/>
  <system-out/>
  <testcase classname="test.day3" name="mobilelogin" time="0.006"/>
  <system-out/>
</testsuite> <!-- test.day3 -->
